1629601579.893848 client started (46830): version 2.6, socket /tmp/tmux-0/default, protocol 8
1629601579.893911 on Linux 5.4.0-80-generic #90~18.04.1-Ubuntu SMP Tue Jul 13 19:40:02 UTC 2021; libevent 2.1.8-stable (poll)
1629601579.893961 socket is /tmp/tmux-0/default
1629601579.893989 trying connect
1629601579.894149 add peer 0x55fecd7f9520: 6 ((nil))
1629601579.894260 sending message 100 to peer 0x55fecd7f9520 (4 bytes)
1629601579.894276 sending message 101 to peer 0x55fecd7f9520 (15 bytes)
1629601579.894288 sending message 102 to peer 0x55fecd7f9520 (11 bytes)
1629601579.894298 sending message 108 to peer 0x55fecd7f9520 (32 bytes)
1629601579.894311 sending message 104 to peer 0x55fecd7f9520 (0 bytes)
1629601579.894324 sending message 107 to peer 0x55fecd7f9520 (4 bytes)
1629601579.894335 sending message 105 to peer 0x55fecd7f9520 (14 bytes)
1629601579.894347 sending message 105 to peer 0x55fecd7f9520 (15 bytes)
1629601579.894358 sending message 105 to peer 0x55fecd7f9520 (1516 bytes)
1629601579.894389 sending message 105 to peer 0x55fecd7f9520 (36 bytes)
1629601579.894401 sending message 105 to peer 0x55fecd7f9520 (51 bytes)
1629601579.894412 sending message 105 to peer 0x55fecd7f9520 (17 bytes)
1629601579.894423 sending message 105 to peer 0x55fecd7f9520 (12 bytes)
1629601579.894434 sending message 105 to peer 0x55fecd7f9520 (20 bytes)
1629601579.894445 sending message 105 to peer 0x55fecd7f9520 (29 bytes)
1629601579.894456 sending message 105 to peer 0x55fecd7f9520 (7 bytes)
1629601579.894467 sending message 105 to peer 0x55fecd7f9520 (10 bytes)
1629601579.894478 sending message 105 to peer 0x55fecd7f9520 (36 bytes)
1629601579.894488 sending message 105 to peer 0x55fecd7f9520 (12 bytes)
1629601579.894500 sending message 105 to peer 0x55fecd7f9520 (44 bytes)
1629601579.894511 sending message 105 to peer 0x55fecd7f9520 (97 bytes)
1629601579.894522 sending message 105 to peer 0x55fecd7f9520 (95 bytes)
1629601579.894532 sending message 105 to peer 0x55fecd7f9520 (20 bytes)
1629601579.894543 sending message 105 to peer 0x55fecd7f9520 (35 bytes)
1629601579.894554 sending message 105 to peer 0x55fecd7f9520 (28 bytes)
1629601579.894565 sending message 105 to peer 0x55fecd7f9520 (11 bytes)
1629601579.894576 sending message 105 to peer 0x55fecd7f9520 (78 bytes)
1629601579.894587 sending message 105 to peer 0x55fecd7f9520 (30 bytes)
1629601579.894599 sending message 105 to peer 0x55fecd7f9520 (20 bytes)
1629601579.894610 sending message 105 to peer 0x55fecd7f9520 (126 bytes)
1629601579.894621 sending message 105 to peer 0x55fecd7f9520 (20 bytes)
1629601579.894632 sending message 105 to peer 0x55fecd7f9520 (16 bytes)
1629601579.894643 sending message 105 to peer 0x55fecd7f9520 (8 bytes)
1629601579.894654 sending message 105 to peer 0x55fecd7f9520 (54 bytes)
1629601579.894665 sending message 105 to peer 0x55fecd7f9520 (13 bytes)
1629601579.894677 sending message 105 to peer 0x55fecd7f9520 (109 bytes)
1629601579.894688 sending message 105 to peer 0x55fecd7f9520 (329 bytes)
1629601579.894699 sending message 105 to peer 0x55fecd7f9520 (23 bytes)
1629601579.894710 sending message 105 to peer 0x55fecd7f9520 (16 bytes)
1629601579.894721 sending message 105 to peer 0x55fecd7f9520 (16 bytes)
1629601579.894732 sending message 106 to peer 0x55fecd7f9520 (0 bytes)
1629601579.894743 sending message 200 to peer 0x55fecd7f9520 (4 bytes)
1629601579.894752 client loop enter
1629601579.900273 peer 0x55fecd7f9520 message 207
1629601579.930186 sending message 208 to peer 0x55fecd7f9520 (0 bytes)
1629601584.122096 peer 0x55fecd7f9520 message 203
1629601585.311102 sending message 205 to peer 0x55fecd7f9520 (0 bytes)
1629601585.311906 peer 0x55fecd7f9520 message 204
1629601585.324214 client loop exit
